mode: atomic
github.com/hack-fiap233/videos/main.go:24.13,26.16 2 0
github.com/hack-fiap233/videos/main.go:26.16,28.3 1 0
github.com/hack-fiap233/videos/main.go:30.2,32.63 3 0
github.com/hack-fiap233/videos/main.go:32.63,34.3 1 0
github.com/hack-fiap233/videos/main.go:36.2,37.16 2 0
github.com/hack-fiap233/videos/main.go:37.16,39.3 1 0
github.com/hack-fiap233/videos/main.go:41.2,55.47 8 0
github.com/hack-fiap233/videos/main.go:58.30,68.16 3 0
github.com/hack-fiap233/videos/main.go:68.16,70.3 1 0
github.com/hack-fiap233/videos/main.go:71.2,71.33 1 0
github.com/hack-fiap233/videos/main.go:71.33,73.3 1 0
github.com/hack-fiap233/videos/main.go:74.2,75.11 2 0
github.com/hack-fiap233/videos/internal/adapter/event/sns.go:21.71,23.2 1 3
github.com/hack-fiap233/videos/internal/adapter/event/sns.go:25.84,27.16 2 3
github.com/hack-fiap233/videos/internal/adapter/event/sns.go:27.16,29.3 1 0
github.com/hack-fiap233/videos/internal/adapter/event/sns.go:30.2,34.12 2 3
github.com/hack-fiap233/videos/internal/adapter/http/handler.go:28.44,30.2 1 19
github.com/hack-fiap233/videos/internal/adapter/http/handler.go:32.66,34.55 2 2
github.com/hack-fiap233/videos/internal/adapter/http/handler.go:34.55,38.3 3 1
github.com/hack-fiap233/videos/internal/adapter/http/handler.go:39.2,39.102 1 1
github.com/hack-fiap233/videos/internal/adapter/http/handler.go:42.66,43.33 1 5
github.com/hack-fiap233/videos/internal/adapter/http/handler.go:43.33,46.3 2 1
github.com/hack-fiap233/videos/internal/adapter/http/handler.go:47.2,49.55 2 4
github.com/hack-fiap233/videos/internal/adapter/http/handler.go:49.55,53.3 3 0
github.com/hack-fiap233/videos/internal/adapter/http/handler.go:55.2,57.17 3 4
github.com/hack-fiap233/videos/internal/adapter/http/handler.go:57.17,61.3 3 1
github.com/hack-fiap233/videos/internal/adapter/http/handler.go:63.2,64.16 2 3
github.com/hack-fiap233/videos/internal/adapter/http/handler.go:64.16,68.3 3 1
github.com/hack-fiap233/videos/internal/adapter/http/handler.go:69.2,72.16 3 2
github.com/hack-fiap233/videos/internal/adapter/http/handler.go:72.16,76.3 3 1
github.com/hack-fiap233/videos/internal/adapter/http/handler.go:78.2,83.4 2 1
github.com/hack-fiap233/videos/internal/adapter/http/handler.go:86.66,90.19 3 12
github.com/hack-fiap233/videos/internal/adapter/http/handler.go:90.19,93.3 2 3
github.com/hack-fiap233/videos/internal/adapter/http/handler.go:94.2,94.17 1 9
github.com/hack-fiap233/videos/internal/adapter/http/handler.go:94.17,95.54 1 3
github.com/hack-fiap233/videos/internal/adapter/http/handler.go:95.54,98.4 2 3
github.com/hack-fiap233/videos/internal/adapter/http/handler.go:101.2,101.18 1 6
github.com/hack-fiap233/videos/internal/adapter/http/handler.go:102.22,103.15 1 2
github.com/hack-fiap233/videos/internal/adapter/http/handler.go:104.23,105.17 1 3
github.com/hack-fiap233/videos/internal/adapter/http/handler.go:106.10,108.78 2 1
github.com/hack-fiap233/videos/internal/adapter/http/handler.go:112.75,114.16 2 3
github.com/hack-fiap233/videos/internal/adapter/http/handler.go:114.16,118.3 3 1
github.com/hack-fiap233/videos/internal/adapter/http/handler.go:119.2,119.14 1 2
github.com/hack-fiap233/videos/internal/adapter/http/handler.go:119.14,123.3 3 1
github.com/hack-fiap233/videos/internal/adapter/http/handler.go:124.2,124.30 1 1
github.com/hack-fiap233/videos/internal/adapter/http/handler.go:127.70,128.32 1 3
github.com/hack-fiap233/videos/internal/adapter/http/handler.go:128.32,132.3 3 1
github.com/hack-fiap233/videos/internal/adapter/http/handler.go:133.2,134.17 2 2
github.com/hack-fiap233/videos/internal/adapter/http/handler.go:134.17,138.3 3 1
github.com/hack-fiap233/videos/internal/adapter/http/handler.go:139.2,140.16 2 1
github.com/hack-fiap233/videos/internal/adapter/http/handler.go:140.16,144.3 3 1
github.com/hack-fiap233/videos/internal/adapter/http/handler.go:145.2,148.4 1 0
github.com/hack-fiap233/videos/internal/adapter/http/handler.go:151.64,153.16 2 2
github.com/hack-fiap233/videos/internal/adapter/http/handler.go:153.16,157.3 3 1
github.com/hack-fiap233/videos/internal/adapter/http/handler.go:158.2,158.35 1 1
github.com/hack-fiap233/videos/internal/adapter/http/handler.go:161.66,166.62 2 3
github.com/hack-fiap233/videos/internal/adapter/http/handler.go:166.62,170.3 3 1
github.com/hack-fiap233/videos/internal/adapter/http/handler.go:172.2,173.16 2 2
github.com/hack-fiap233/videos/internal/adapter/http/handler.go:173.16,177.3 3 1
github.com/hack-fiap233/videos/internal/adapter/http/handler.go:179.2,180.30 2 1
github.com/hack-fiap233/videos/internal/adapter/http/handler.go:185.45,187.41 2 9
github.com/hack-fiap233/videos/internal/adapter/http/handler.go:187.41,189.3 1 4
github.com/hack-fiap233/videos/internal/adapter/http/handler.go:190.2,191.21 2 5
github.com/hack-fiap233/videos/internal/adapter/http/handler.go:191.21,193.3 1 1
github.com/hack-fiap233/videos/internal/adapter/http/handler.go:194.2,195.16 2 4
github.com/hack-fiap233/videos/internal/adapter/http/handler.go:195.16,197.3 1 1
github.com/hack-fiap233/videos/internal/adapter/http/handler.go:198.2,199.57 2 3
github.com/hack-fiap233/videos/internal/adapter/http/handler.go:199.57,201.3 1 0
github.com/hack-fiap233/videos/internal/adapter/http/handler.go:202.2,203.14 2 3
github.com/hack-fiap233/videos/internal/adapter/repository/postgres.go:34.97,36.2 1 0
github.com/hack-fiap233/videos/internal/adapter/repository/postgres.go:38.100,40.2 1 0
github.com/hack-fiap233/videos/internal/adapter/repository/postgres.go:47.60,49.2 1 0
github.com/hack-fiap233/videos/internal/adapter/repository/postgres.go:51.69,59.16 2 3
github.com/hack-fiap233/videos/internal/adapter/repository/postgres.go:59.16,61.3 1 1
github.com/hack-fiap233/videos/internal/adapter/repository/postgres.go:63.2,68.31 2 2
github.com/hack-fiap233/videos/internal/adapter/repository/postgres.go:68.31,69.53 1 4
github.com/hack-fiap233/videos/internal/adapter/repository/postgres.go:69.53,71.4 1 1
github.com/hack-fiap233/videos/internal/adapter/repository/postgres.go:73.2,73.12 1 1
github.com/hack-fiap233/videos/internal/adapter/repository/postgres.go:76.107,83.2 3 2
github.com/hack-fiap233/videos/internal/adapter/repository/postgres.go:85.91,88.2 2 2
github.com/hack-fiap233/videos/internal/adapter/repository/postgres.go:90.90,95.26 3 3
github.com/hack-fiap233/videos/internal/adapter/repository/postgres.go:95.26,97.3 1 1
github.com/hack-fiap233/videos/internal/adapter/repository/postgres.go:98.2,98.16 1 2
github.com/hack-fiap233/videos/internal/adapter/repository/postgres.go:101.80,105.16 2 4
github.com/hack-fiap233/videos/internal/adapter/repository/postgres.go:105.16,107.3 1 1
github.com/hack-fiap233/videos/internal/adapter/repository/postgres.go:108.2,111.18 3 3
github.com/hack-fiap233/videos/internal/adapter/repository/postgres.go:111.18,113.102 2 3
github.com/hack-fiap233/videos/internal/adapter/repository/postgres.go:113.102,114.12 1 1
github.com/hack-fiap233/videos/internal/adapter/repository/postgres.go:116.3,116.29 1 2
github.com/hack-fiap233/videos/internal/adapter/repository/postgres.go:118.2,118.20 1 3
github.com/hack-fiap233/videos/internal/adapter/repository/postgres.go:121.104,126.16 2 4
github.com/hack-fiap233/videos/internal/adapter/repository/postgres.go:126.16,128.3 1 1
github.com/hack-fiap233/videos/internal/adapter/repository/postgres.go:129.2,132.18 3 3
github.com/hack-fiap233/videos/internal/adapter/repository/postgres.go:132.18,134.116 2 3
github.com/hack-fiap233/videos/internal/adapter/repository/postgres.go:134.116,135.12 1 1
github.com/hack-fiap233/videos/internal/adapter/repository/postgres.go:137.3,137.29 1 2
github.com/hack-fiap233/videos/internal/adapter/repository/postgres.go:139.2,139.20 1 3
github.com/hack-fiap233/videos/internal/adapter/repository/postgres.go:142.62,144.2 1 2
github.com/hack-fiap233/videos/internal/adapter/storage/s3.go:20.62,22.2 1 2
github.com/hack-fiap233/videos/internal/adapter/storage/s3.go:24.83,31.2 2 2
github.com/hack-fiap233/videos/internal/application/service.go:18.127,20.2 1 19
github.com/hack-fiap233/videos/internal/application/service.go:22.136,24.16 2 7
github.com/hack-fiap233/videos/internal/application/service.go:24.16,26.3 1 1
github.com/hack-fiap233/videos/internal/application/service.go:28.2,29.59 2 6
github.com/hack-fiap233/videos/internal/application/service.go:29.59,31.3 1 1
github.com/hack-fiap233/videos/internal/application/service.go:33.2,33.59 1 5
github.com/hack-fiap233/videos/internal/application/service.go:33.59,35.3 1 1
github.com/hack-fiap233/videos/internal/application/service.go:37.2,38.56 2 5
github.com/hack-fiap233/videos/internal/application/service.go:38.56,40.3 1 1
github.com/hack-fiap233/videos/internal/application/service.go:42.2,42.16 1 5
github.com/hack-fiap233/videos/internal/application/service.go:45.84,47.2 1 3
github.com/hack-fiap233/videos/internal/application/service.go:49.74,51.2 1 2
github.com/hack-fiap233/videos/internal/application/service.go:53.102,55.16 2 2
github.com/hack-fiap233/videos/internal/application/service.go:55.16,57.3 1 1
github.com/hack-fiap233/videos/internal/application/service.go:58.2,58.94 1 1
github.com/hack-fiap233/videos/internal/application/service.go:61.98,63.2 1 3
github.com/hack-fiap233/videos/internal/application/service.go:65.63,67.2 1 2
github.com/hack-fiap233/videos/internal/middleware/metrics.go:30.51,33.2 2 2
github.com/hack-fiap233/videos/internal/middleware/metrics.go:35.67,36.54 1 6
github.com/hack-fiap233/videos/internal/middleware/metrics.go:36.54,44.3 5 6
