mode: set
github.com/hack-fiap233/videos/main.go:24.13,26.16 2 0
github.com/hack-fiap233/videos/main.go:26.16,28.3 1 0
github.com/hack-fiap233/videos/main.go:30.2,32.63 3 0
github.com/hack-fiap233/videos/main.go:32.63,34.3 1 0
github.com/hack-fiap233/videos/main.go:36.2,37.16 2 0
github.com/hack-fiap233/videos/main.go:37.16,39.3 1 0
github.com/hack-fiap233/videos/main.go:41.2,55.47 8 0
github.com/hack-fiap233/videos/main.go:58.30,68.16 3 0
github.com/hack-fiap233/videos/main.go:68.16,70.3 1 0
github.com/hack-fiap233/videos/main.go:71.2,71.33 1 0
github.com/hack-fiap233/videos/main.go:71.33,73.3 1 0
github.com/hack-fiap233/videos/main.go:74.2,75.11 2 0
github.com/hack-fiap233/videos/internal/adapter/http/handler.go:27.44,29.2 1 1
github.com/hack-fiap233/videos/internal/adapter/http/handler.go:31.66,33.55 2 1
github.com/hack-fiap233/videos/internal/adapter/http/handler.go:33.55,37.3 3 1
github.com/hack-fiap233/videos/internal/adapter/http/handler.go:38.2,38.102 1 1
github.com/hack-fiap233/videos/internal/adapter/http/handler.go:41.66,42.33 1 1
github.com/hack-fiap233/videos/internal/adapter/http/handler.go:42.33,45.3 2 1
github.com/hack-fiap233/videos/internal/adapter/http/handler.go:46.2,48.55 2 1
github.com/hack-fiap233/videos/internal/adapter/http/handler.go:48.55,52.3 3 0
github.com/hack-fiap233/videos/internal/adapter/http/handler.go:54.2,56.17 3 1
github.com/hack-fiap233/videos/internal/adapter/http/handler.go:56.17,60.3 3 1
github.com/hack-fiap233/videos/internal/adapter/http/handler.go:62.2,63.16 2 1
github.com/hack-fiap233/videos/internal/adapter/http/handler.go:63.16,67.3 3 1
github.com/hack-fiap233/videos/internal/adapter/http/handler.go:68.2,71.16 3 1
github.com/hack-fiap233/videos/internal/adapter/http/handler.go:71.16,75.3 3 1
github.com/hack-fiap233/videos/internal/adapter/http/handler.go:77.2,82.4 2 1
github.com/hack-fiap233/videos/internal/adapter/http/handler.go:85.66,89.17 3 1
github.com/hack-fiap233/videos/internal/adapter/http/handler.go:89.17,90.54 1 1
github.com/hack-fiap233/videos/internal/adapter/http/handler.go:90.54,93.4 2 1
github.com/hack-fiap233/videos/internal/adapter/http/handler.go:96.2,96.18 1 1
github.com/hack-fiap233/videos/internal/adapter/http/handler.go:97.22,98.15 1 1
github.com/hack-fiap233/videos/internal/adapter/http/handler.go:99.23,100.17 1 1
github.com/hack-fiap233/videos/internal/adapter/http/handler.go:101.10,103.78 2 1
github.com/hack-fiap233/videos/internal/adapter/http/handler.go:107.75,109.16 2 1
github.com/hack-fiap233/videos/internal/adapter/http/handler.go:109.16,113.3 3 1
github.com/hack-fiap233/videos/internal/adapter/http/handler.go:114.2,114.14 1 1
github.com/hack-fiap233/videos/internal/adapter/http/handler.go:114.14,118.3 3 1
github.com/hack-fiap233/videos/internal/adapter/http/handler.go:119.2,119.30 1 1
github.com/hack-fiap233/videos/internal/adapter/http/handler.go:122.64,124.16 2 1
github.com/hack-fiap233/videos/internal/adapter/http/handler.go:124.16,128.3 3 1
github.com/hack-fiap233/videos/internal/adapter/http/handler.go:129.2,129.35 1 1
github.com/hack-fiap233/videos/internal/adapter/http/handler.go:132.66,137.62 2 1
github.com/hack-fiap233/videos/internal/adapter/http/handler.go:137.62,141.3 3 1
github.com/hack-fiap233/videos/internal/adapter/http/handler.go:143.2,144.16 2 1
github.com/hack-fiap233/videos/internal/adapter/http/handler.go:144.16,148.3 3 1
github.com/hack-fiap233/videos/internal/adapter/http/handler.go:150.2,151.30 2 1
github.com/hack-fiap233/videos/internal/adapter/http/handler.go:156.45,158.41 2 1
github.com/hack-fiap233/videos/internal/adapter/http/handler.go:158.41,160.3 1 1
github.com/hack-fiap233/videos/internal/adapter/http/handler.go:161.2,162.21 2 1
github.com/hack-fiap233/videos/internal/adapter/http/handler.go:162.21,164.3 1 1
github.com/hack-fiap233/videos/internal/adapter/http/handler.go:165.2,166.16 2 1
github.com/hack-fiap233/videos/internal/adapter/http/handler.go:166.16,168.3 1 1
github.com/hack-fiap233/videos/internal/adapter/http/handler.go:169.2,170.57 2 1
github.com/hack-fiap233/videos/internal/adapter/http/handler.go:170.57,172.3 1 0
github.com/hack-fiap233/videos/internal/adapter/http/handler.go:173.2,174.14 2 1
github.com/hack-fiap233/videos/internal/application/service.go:18.127,20.2 1 1
github.com/hack-fiap233/videos/internal/application/service.go:22.136,24.16 2 1
github.com/hack-fiap233/videos/internal/application/service.go:24.16,26.3 1 1
github.com/hack-fiap233/videos/internal/application/service.go:28.2,29.59 2 1
github.com/hack-fiap233/videos/internal/application/service.go:29.59,31.3 1 1
github.com/hack-fiap233/videos/internal/application/service.go:33.2,33.59 1 1
github.com/hack-fiap233/videos/internal/application/service.go:33.59,35.3 1 1
github.com/hack-fiap233/videos/internal/application/service.go:37.2,38.56 2 1
github.com/hack-fiap233/videos/internal/application/service.go:38.56,40.3 1 1
github.com/hack-fiap233/videos/internal/application/service.go:42.2,42.16 1 1
github.com/hack-fiap233/videos/internal/application/service.go:45.84,47.2 1 1
github.com/hack-fiap233/videos/internal/application/service.go:49.74,51.2 1 1
github.com/hack-fiap233/videos/internal/application/service.go:53.102,55.16 2 1
github.com/hack-fiap233/videos/internal/application/service.go:55.16,57.3 1 1
github.com/hack-fiap233/videos/internal/application/service.go:58.2,58.94 1 1
github.com/hack-fiap233/videos/internal/application/service.go:61.63,63.2 1 1
github.com/hack-fiap233/videos/internal/adapter/event/sns.go:21.71,23.2 1 1
github.com/hack-fiap233/videos/internal/adapter/event/sns.go:25.84,27.16 2 1
github.com/hack-fiap233/videos/internal/adapter/event/sns.go:27.16,29.3 1 0
github.com/hack-fiap233/videos/internal/adapter/event/sns.go:30.2,34.12 2 1
github.com/hack-fiap233/videos/internal/adapter/repository/postgres.go:34.97,36.2 1 0
github.com/hack-fiap233/videos/internal/adapter/repository/postgres.go:38.100,40.2 1 0
github.com/hack-fiap233/videos/internal/adapter/repository/postgres.go:47.60,49.2 1 0
github.com/hack-fiap233/videos/internal/adapter/repository/postgres.go:51.69,59.16 2 1
github.com/hack-fiap233/videos/internal/adapter/repository/postgres.go:59.16,61.3 1 1
github.com/hack-fiap233/videos/internal/adapter/repository/postgres.go:63.2,67.31 2 1
github.com/hack-fiap233/videos/internal/adapter/repository/postgres.go:67.31,68.53 1 1
github.com/hack-fiap233/videos/internal/adapter/repository/postgres.go:68.53,70.4 1 1
github.com/hack-fiap233/videos/internal/adapter/repository/postgres.go:72.2,72.12 1 1
github.com/hack-fiap233/videos/internal/adapter/repository/postgres.go:75.96,82.2 3 1
github.com/hack-fiap233/videos/internal/adapter/repository/postgres.go:84.91,87.2 2 1
github.com/hack-fiap233/videos/internal/adapter/repository/postgres.go:89.90,94.26 3 1
github.com/hack-fiap233/videos/internal/adapter/repository/postgres.go:94.26,96.3 1 1
github.com/hack-fiap233/videos/internal/adapter/repository/postgres.go:97.2,97.16 1 1
github.com/hack-fiap233/videos/internal/adapter/repository/postgres.go:100.80,104.16 2 1
github.com/hack-fiap233/videos/internal/adapter/repository/postgres.go:104.16,106.3 1 1
github.com/hack-fiap233/videos/internal/adapter/repository/postgres.go:107.2,110.18 3 1
github.com/hack-fiap233/videos/internal/adapter/repository/postgres.go:110.18,112.102 2 1
github.com/hack-fiap233/videos/internal/adapter/repository/postgres.go:112.102,113.12 1 1
github.com/hack-fiap233/videos/internal/adapter/repository/postgres.go:115.3,115.29 1 1
github.com/hack-fiap233/videos/internal/adapter/repository/postgres.go:117.2,117.20 1 1
github.com/hack-fiap233/videos/internal/adapter/repository/postgres.go:120.62,122.2 1 1
github.com/hack-fiap233/videos/internal/adapter/storage/s3.go:20.62,22.2 1 1
github.com/hack-fiap233/videos/internal/adapter/storage/s3.go:24.83,31.2 2 1
github.com/hack-fiap233/videos/internal/middleware/metrics.go:30.51,33.2 2 1
github.com/hack-fiap233/videos/internal/middleware/metrics.go:35.67,36.54 1 1
github.com/hack-fiap233/videos/internal/middleware/metrics.go:36.54,44.3 5 1
